2015-04-11 19:39:44,392 [Worker-3] INFO  o.e.m.c.i.l.LifecycleMappingFactory - Using org.maven.ide.eclipse.wtp.WarLifecycleMapping lifecycle mapping for MavenProject: guardians.dashboard:guardians.dashboard.app:1.0.0 @ E:\Dropbox\git\guardians-dashboard\guardians-dashboard\pom.xml.
2015-04-11 19:39:45,453 [Worker-3] WARN  o.e.m.c.i.embedder.EclipseLogger - The artifact org.apache.commons:commons-io:jar:1.3.2 has been relocated to commons-io:commons-io:jar:1.3.2
2015-04-11 19:39:50,136 [Worker-3] WARN  o.e.m.c.i.embedder.EclipseLogger - The artifact org.apache.commons:commons-io:jar:1.3.2 has been relocated to commons-io:commons-io:jar:1.3.2
2015-04-11 19:39:53,542 [Worker-3] INFO  o.e.m.c.i.embedder.EclipseLogger - Using 'UTF-8' encoding to copy filtered resources.
2015-04-11 19:39:53,554 [Worker-3] INFO  o.e.m.c.i.embedder.EclipseLogger - Copying 2 resources
2015-04-11 19:39:53,586 [Worker-3] INFO  o.e.m.c.i.embedder.EclipseLogger - Using 'UTF-8' encoding to copy filtered resources.
2015-04-11 19:39:53,587 [Worker-3] INFO  o.e.m.c.i.embedder.EclipseLogger - skip non existing resourceDirectory E:\Dropbox\git\guardians-dashboard\guardians-dashboard\src\test\resources
2015-04-11 19:40:16,970 [Worker-5] WARN  o.e.m.c.i.embedder.EclipseLogger - The artifact org.apache.commons:commons-io:jar:1.3.2 has been relocated to commons-io:commons-io:jar:1.3.2
2015-04-11 19:40:17,502 [Worker-5] INFO  o.e.m.c.i.embedder.EclipseLogger - Using 'UTF-8' encoding to copy filtered resources.
2015-04-11 19:40:17,507 [Worker-5] INFO  o.e.m.c.i.embedder.EclipseLogger - Copying 2 resources
2015-04-11 19:40:17,510 [Worker-5] INFO  o.e.m.c.i.embedder.EclipseLogger - Using 'UTF-8' encoding to copy filtered resources.
2015-04-11 19:40:17,510 [Worker-5] INFO  o.e.m.c.i.embedder.EclipseLogger - skip non existing resourceDirectory E:\Dropbox\git\guardians-dashboard\guardians-dashboard\src\test\resources
2015-04-11 19:41:08,932 [Worker-9] INFO  o.e.m.c.i.embedder.EclipseLogger - Using 'UTF-8' encoding to copy filtered resources.
2015-04-11 19:41:08,933 [Worker-9] INFO  o.e.m.c.i.embedder.EclipseLogger - Copying 0 resource
2015-04-11 19:41:08,935 [Worker-9] INFO  o.e.m.c.i.embedder.EclipseLogger - Using 'UTF-8' encoding to copy filtered resources.
2015-04-11 19:41:08,936 [Worker-9] INFO  o.e.m.c.i.embedder.EclipseLogger - skip non existing resourceDirectory E:\Dropbox\git\guardians-dashboard\guardians-dashboard\src\test\resources
2015-04-11 19:41:44,696 [Worker-0] INFO  o.e.m.c.i.embedder.EclipseLogger - Using 'UTF-8' encoding to copy filtered resources.
2015-04-11 19:41:44,697 [Worker-0] INFO  o.e.m.c.i.embedder.EclipseLogger - Copying 0 resource
2015-04-11 19:41:44,701 [Worker-0] INFO  o.e.m.c.i.embedder.EclipseLogger - Using 'UTF-8' encoding to copy filtered resources.
2015-04-11 19:41:44,701 [Worker-0] INFO  o.e.m.c.i.embedder.EclipseLogger - skip non existing resourceDirectory E:\Dropbox\git\guardians-dashboard\guardians-dashboard\src\test\resources
2015-04-11 19:41:49,580 [Worker-3] INFO  o.e.m.c.i.embedder.EclipseLogger - Using 'UTF-8' encoding to copy filtered resources.
2015-04-11 19:41:49,581 [Worker-3] INFO  o.e.m.c.i.embedder.EclipseLogger - Copying 0 resource
2015-04-11 19:41:49,584 [Worker-3] INFO  o.e.m.c.i.embedder.EclipseLogger - Using 'UTF-8' encoding to copy filtered resources.
2015-04-11 19:41:49,584 [Worker-3] INFO  o.e.m.c.i.embedder.EclipseLogger - skip non existing resourceDirectory E:\Dropbox\git\guardians-dashboard\guardians-dashboard\src\test\resources
2015-04-11 19:42:49,812 [Worker-2] INFO  o.e.m.c.i.embedder.EclipseLogger - Using 'UTF-8' encoding to copy filtered resources.
2015-04-11 19:42:49,813 [Worker-2] INFO  o.e.m.c.i.embedder.EclipseLogger - Copying 0 resource
2015-04-11 19:42:49,816 [Worker-2] INFO  o.e.m.c.i.embedder.EclipseLogger - Using 'UTF-8' encoding to copy filtered resources.
2015-04-11 19:42:49,817 [Worker-2] INFO  o.e.m.c.i.embedder.EclipseLogger - skip non existing resourceDirectory E:\Dropbox\git\guardians-dashboard\guardians-dashboard\src\test\resources
2015-04-11 19:44:37,449 [Worker-8] INFO  o.e.m.c.i.embedder.EclipseLogger - Using 'UTF-8' encoding to copy filtered resources.
2015-04-11 19:44:37,464 [Worker-8] INFO  o.e.m.c.i.embedder.EclipseLogger - Copying 2 resources
2015-04-11 19:44:37,478 [Worker-8] INFO  o.e.m.c.i.embedder.EclipseLogger - Using 'UTF-8' encoding to copy filtered resources.
2015-04-11 19:44:37,479 [Worker-8] INFO  o.e.m.c.i.embedder.EclipseLogger - Copying 0 resource
2015-04-11 19:53:32,241 [Worker-19] INFO  o.e.m.c.i.embedder.EclipseLogger - Using 'UTF-8' encoding to copy filtered resources.
2015-04-11 19:53:32,243 [Worker-19] INFO  o.e.m.c.i.embedder.EclipseLogger - Copying 2 resources
2015-04-11 19:53:32,246 [Worker-19] INFO  o.e.m.c.i.embedder.EclipseLogger - Using 'UTF-8' encoding to copy filtered resources.
2015-04-11 19:53:32,246 [Worker-19] INFO  o.e.m.c.i.embedder.EclipseLogger - Copying 0 resource
2015-04-11 19:55:38,134 [Worker-24] INFO  o.e.m.c.i.embedder.EclipseLogger - Using 'UTF-8' encoding to copy filtered resources.
2015-04-11 19:55:38,136 [Worker-24] INFO  o.e.m.c.i.embedder.EclipseLogger - Copying 2 resources
2015-04-11 19:55:38,140 [Worker-24] INFO  o.e.m.c.i.embedder.EclipseLogger - Using 'UTF-8' encoding to copy filtered resources.
2015-04-11 19:55:38,141 [Worker-24] INFO  o.e.m.c.i.embedder.EclipseLogger - Copying 0 resource
2015-04-11 19:55:46,031 [Worker-24] INFO  o.e.m.c.i.embedder.EclipseLogger - Using 'UTF-8' encoding to copy filtered resources.
2015-04-11 19:55:46,032 [Worker-24] INFO  o.e.m.c.i.embedder.EclipseLogger - Copying 2 resources
2015-04-11 19:55:46,036 [Worker-24] INFO  o.e.m.c.i.embedder.EclipseLogger - Using 'UTF-8' encoding to copy filtered resources.
2015-04-11 19:55:46,036 [Worker-24] INFO  o.e.m.c.i.embedder.EclipseLogger - Copying 0 resource
2015-04-11 19:56:00,891 [Worker-23] INFO  o.e.m.c.i.embedder.EclipseLogger - Using 'UTF-8' encoding to copy filtered resources.
2015-04-11 19:56:00,893 [Worker-23] INFO  o.e.m.c.i.embedder.EclipseLogger - Copying 2 resources
2015-04-11 19:56:00,897 [Worker-23] INFO  o.e.m.c.i.embedder.EclipseLogger - Using 'UTF-8' encoding to copy filtered resources.
2015-04-11 19:56:00,897 [Worker-23] INFO  o.e.m.c.i.embedder.EclipseLogger - Copying 0 resource
2015-04-11 19:56:22,187 [Worker-24] INFO  o.e.m.c.i.embedder.EclipseLogger - Using 'UTF-8' encoding to copy filtered resources.
2015-04-11 19:56:22,189 [Worker-24] INFO  o.e.m.c.i.embedder.EclipseLogger - Copying 2 resources
2015-04-11 19:56:22,193 [Worker-24] INFO  o.e.m.c.i.embedder.EclipseLogger - Using 'UTF-8' encoding to copy filtered resources.
2015-04-11 19:56:22,193 [Worker-24] INFO  o.e.m.c.i.embedder.EclipseLogger - Copying 0 resource
2015-04-11 19:56:24,479 [Worker-26] INFO  o.e.m.c.i.embedder.EclipseLogger - Using 'UTF-8' encoding to copy filtered resources.
2015-04-11 19:56:24,481 [Worker-26] INFO  o.e.m.c.i.embedder.EclipseLogger - Copying 2 resources
2015-04-11 19:56:24,485 [Worker-26] INFO  o.e.m.c.i.embedder.EclipseLogger - Using 'UTF-8' encoding to copy filtered resources.
2015-04-11 19:56:24,486 [Worker-26] INFO  o.e.m.c.i.embedder.EclipseLogger - Copying 0 resource
2015-04-11 19:56:45,872 [Worker-19] INFO  o.e.m.c.i.embedder.EclipseLogger - Using 'UTF-8' encoding to copy filtered resources.
2015-04-11 19:56:45,874 [Worker-19] INFO  o.e.m.c.i.embedder.EclipseLogger - Copying 2 resources
2015-04-11 19:56:45,879 [Worker-19] INFO  o.e.m.c.i.embedder.EclipseLogger - Using 'UTF-8' encoding to copy filtered resources.
2015-04-11 19:56:45,879 [Worker-19] INFO  o.e.m.c.i.embedder.EclipseLogger - Copying 0 resource
2015-04-11 19:57:37,301 [Worker-25] INFO  o.e.m.c.i.embedder.EclipseLogger - Using 'UTF-8' encoding to copy filtered resources.
2015-04-11 19:57:37,303 [Worker-25] INFO  o.e.m.c.i.embedder.EclipseLogger - Copying 2 resources
2015-04-11 19:57:37,312 [Worker-25] INFO  o.e.m.c.i.embedder.EclipseLogger - Using 'UTF-8' encoding to copy filtered resources.
2015-04-11 19:57:37,312 [Worker-25] INFO  o.e.m.c.i.embedder.EclipseLogger - Copying 0 resource
2015-04-11 19:57:39,757 [Worker-28] INFO  o.e.m.c.i.embedder.EclipseLogger - Using 'UTF-8' encoding to copy filtered resources.
2015-04-11 19:57:39,759 [Worker-28] INFO  o.e.m.c.i.embedder.EclipseLogger - Copying 2 resources
2015-04-11 19:57:39,762 [Worker-28] INFO  o.e.m.c.i.embedder.EclipseLogger - Using 'UTF-8' encoding to copy filtered resources.
2015-04-11 19:57:39,763 [Worker-28] INFO  o.e.m.c.i.embedder.EclipseLogger - Copying 0 resource
2015-04-11 19:58:47,536 [Worker-30] INFO  o.e.m.c.i.embedder.EclipseLogger - Using 'UTF-8' encoding to copy filtered resources.
2015-04-11 19:58:47,538 [Worker-30] INFO  o.e.m.c.i.embedder.EclipseLogger - Copying 2 resources
2015-04-11 19:58:47,541 [Worker-30] INFO  o.e.m.c.i.embedder.EclipseLogger - Using 'UTF-8' encoding to copy filtered resources.
2015-04-11 19:58:47,541 [Worker-30] INFO  o.e.m.c.i.embedder.EclipseLogger - Copying 0 resource
2015-04-11 19:59:03,729 [Worker-27] INFO  o.e.m.c.i.embedder.EclipseLogger - Using 'UTF-8' encoding to copy filtered resources.
2015-04-11 19:59:03,731 [Worker-27] INFO  o.e.m.c.i.embedder.EclipseLogger - Copying 2 resources
2015-04-11 19:59:03,734 [Worker-27] INFO  o.e.m.c.i.embedder.EclipseLogger - Using 'UTF-8' encoding to copy filtered resources.
2015-04-11 19:59:03,735 [Worker-27] INFO  o.e.m.c.i.embedder.EclipseLogger - Copying 0 resource
2015-04-11 19:59:22,088 [Worker-28] INFO  o.e.m.c.i.embedder.EclipseLogger - Using 'UTF-8' encoding to copy filtered resources.
2015-04-11 19:59:22,090 [Worker-28] INFO  o.e.m.c.i.embedder.EclipseLogger - Copying 2 resources
2015-04-11 19:59:22,095 [Worker-28] INFO  o.e.m.c.i.embedder.EclipseLogger - Using 'UTF-8' encoding to copy filtered resources.
2015-04-11 19:59:22,095 [Worker-28] INFO  o.e.m.c.i.embedder.EclipseLogger - Copying 0 resource
2015-04-11 19:59:39,841 [Worker-31] INFO  o.e.m.c.i.embedder.EclipseLogger - Using 'UTF-8' encoding to copy filtered resources.
2015-04-11 19:59:39,842 [Worker-31] INFO  o.e.m.c.i.embedder.EclipseLogger - Copying 2 resources
2015-04-11 19:59:39,845 [Worker-31] INFO  o.e.m.c.i.embedder.EclipseLogger - Using 'UTF-8' encoding to copy filtered resources.
2015-04-11 19:59:39,846 [Worker-31] INFO  o.e.m.c.i.embedder.EclipseLogger - Copying 0 resource
2015-04-11 20:00:15,540 [Worker-25] INFO  o.e.m.c.i.embedder.EclipseLogger - Using 'UTF-8' encoding to copy filtered resources.
2015-04-11 20:00:15,541 [Worker-25] INFO  o.e.m.c.i.embedder.EclipseLogger - Copying 2 resources
2015-04-11 20:00:15,545 [Worker-25] INFO  o.e.m.c.i.embedder.EclipseLogger - Using 'UTF-8' encoding to copy filtered resources.
2015-04-11 20:00:15,546 [Worker-25] INFO  o.e.m.c.i.embedder.EclipseLogger - Copying 0 resource
2015-04-11 20:00:37,711 [Worker-27] INFO  o.e.m.c.i.embedder.EclipseLogger - Using 'UTF-8' encoding to copy filtered resources.
2015-04-11 20:00:37,713 [Worker-27] INFO  o.e.m.c.i.embedder.EclipseLogger - Copying 2 resources
2015-04-11 20:00:37,717 [Worker-27] INFO  o.e.m.c.i.embedder.EclipseLogger - Using 'UTF-8' encoding to copy filtered resources.
2015-04-11 20:00:37,718 [Worker-27] INFO  o.e.m.c.i.embedder.EclipseLogger - Copying 0 resource
2015-04-11 20:00:51,087 [Worker-26] INFO  o.e.m.c.i.embedder.EclipseLogger - Using 'UTF-8' encoding to copy filtered resources.
2015-04-11 20:00:51,088 [Worker-26] INFO  o.e.m.c.i.embedder.EclipseLogger - Copying 2 resources
2015-04-11 20:00:51,094 [Worker-26] INFO  o.e.m.c.i.embedder.EclipseLogger - Using 'UTF-8' encoding to copy filtered resources.
2015-04-11 20:00:51,094 [Worker-26] INFO  o.e.m.c.i.embedder.EclipseLogger - Copying 0 resource
